[INFO ] 2022-08-19 15:34:32.597 [main] ApiCitasApplication - No active profile set, falling back to default profiles: default
[INFO ] 2022-08-19 15:34:33.619 [main] RepositoryConfigurationDelegate - Bootstrapping Spring Data JPA repositories in DEFERRED mode.
[INFO ] 2022-08-19 15:34:33.703 [main] RepositoryConfigurationDelegate - Finished Spring Data repository scanning in 77ms. Found 8 JPA repository interfaces.
[INFO ] 2022-08-19 15:34:33.899 [main] GenericScope - BeanFactory id=004e9797-1848-3355-bc0d-f1d9b13629b5
[INFO ] 2022-08-19 15:34:34.031 [main] PostProcessorRegistrationDelegate$BeanPostProcessorChecker - Bean 'org.springframework.security.access.expression.method.DefaultMethodSecurityExpressionHandler@29090809' of type [org.springframework.security.oauth2.provider.expression.OAuth2MethodSecurityExpressionHandler] is not eligible for getting processed by all BeanPostProcessors (for example: not eligible for auto-proxying)
[INFO ] 2022-08-19 15:34:34.035 [main] PostProcessorRegistrationDelegate$BeanPostProcessorChecker - Bean 'methodSecurityMetadataSource' of type [org.springframework.security.access.method.DelegatingMethodSecurityMetadataSource] is not eligible for getting processed by all BeanPostProcessors (for example: not eligible for auto-proxying)
[INFO ] 2022-08-19 15:34:34.293 [main] TomcatWebServer - Tomcat initialized with port(s): 8005 (http)
[INFO ] 2022-08-19 15:34:34.304 [main] Http11NioProtocol - Initializing ProtocolHandler ["http-nio-8005"]
[INFO ] 2022-08-19 15:34:34.304 [main] StandardService - Starting service [Tomcat]
[INFO ] 2022-08-19 15:34:34.305 [main] StandardEngine - Starting Servlet engine: [Apache Tomcat/9.0.39]
[INFO ] 2022-08-19 15:34:34.413 [main] [/api] - Initializing Spring embedded WebApplicationContext
[INFO ] 2022-08-19 15:34:34.413 [main] ServletWebServerApplicationContext - Root WebApplicationContext: initialization completed in 1799 ms
[INFO ] 2022-08-19 15:34:34.709 [main] ThreadPoolTaskExecutor - Initializing ExecutorService 'applicationTaskExecutor'
[INFO ] 2022-08-19 15:34:34.721 [main] HikariDataSource - HikariPool-1 - Starting...
[INFO ] 2022-08-19 15:34:34.898 [main] HikariDataSource - HikariPool-1 - Start completed.
[INFO ] 2022-08-19 15:34:34.968 [task-1] LogHelper - HHH000204: Processing PersistenceUnitInfo [name: default]
[INFO ] 2022-08-19 15:34:35.041 [task-1] Version - HHH000412: Hibernate ORM core version 5.4.23.Final
[WARN ] 2022-08-19 15:34:35.144 [main] JpaBaseConfiguration$JpaWebConfiguration - spring.jpa.open-in-view is enabled by default. Therefore, database queries may be performed during view rendering. Explicitly configure spring.jpa.open-in-view to disable this warning
[INFO ] 2022-08-19 15:34:35.226 [task-1] Version - HCANN000001: Hibernate Commons Annotations {5.1.2.Final}
[WARN ] 2022-08-19 15:34:35.274 [main] JwtAccessTokenConverter - Unable to create an RSA verifier from verifierKey (ignoreable if using MAC)
[INFO ] 2022-08-19 15:34:35.379 [task-1] Dialect - HHH000400: Using dialect: org.hibernate.dialect.MySQL8Dialect
[INFO ] 2022-08-19 15:34:35.780 [main] EndpointLinksResolver - Exposing 2 endpoint(s) beneath base path '/actuator'
[INFO ] 2022-08-19 15:34:36.015 [main] PropertySourcedRequestMappingHandlerMapping - Mapped URL path [/v2/api-docs] onto method [springfox.documentation.swagger2.web.Swagger2Controller#getDocumentation(String, HttpServletRequest)]
[INFO ] 2022-08-19 15:34:36.096 [task-1] JtaPlatformInitiator - HHH000490: Using JtaPlatform implementation: [org.hibernate.engine.transaction.jta.platform.internal.NoJtaPlatform]
[INFO ] 2022-08-19 15:34:36.107 [task-1] LocalContainerEntityManagerFactoryBean - Initialized JPA EntityManagerFactory for persistence unit 'default'
[INFO ] 2022-08-19 15:34:36.549 [main] DefaultSecurityFilterChain - Creating filter chain: OrRequestMatcher [requestMatchers=[Ant [pattern='/oauth/token'], Ant [pattern='/oauth/token_key'], Ant [pattern='/oauth/check_token']]], [org.springframework.security.web.context.request.async.WebAsyncManagerIntegrationFilter@4505015b, org.springframework.security.web.context.SecurityContextPersistenceFilter@431923ed, org.springframework.security.web.header.HeaderWriterFilter@3dabdd11, org.springframework.security.web.authentication.logout.LogoutFilter@1d884a19, org.springframework.security.web.authentication.www.BasicAuthenticationFilter@1ecf784f, org.springframework.security.web.savedrequest.RequestCacheAwareFilter@242c4a94, org.springframework.security.web.servletapi.SecurityContextHolderAwareRequestFilter@10660795, org.springframework.security.web.authentication.AnonymousAuthenticationFilter@49bc1f6c, org.springframework.security.web.session.SessionManagementFilter@6530a1de, org.springframework.security.web.access.ExceptionTranslationFilter@2f025e9e, org.springframework.security.web.access.intercept.FilterSecurityInterceptor@7f5a25e2]
[INFO ] 2022-08-19 15:34:36.559 [main] DefaultSecurityFilterChain - Creating filter chain: org.springframework.security.oauth2.config.annotation.web.configuration.ResourceServerConfiguration$NotOAuthRequestMatcher@60739eca, [org.springframework.security.web.context.request.async.WebAsyncManagerIntegrationFilter@9ba167e, org.springframework.security.web.context.SecurityContextPersistenceFilter@530bd77b, org.springframework.security.web.header.HeaderWriterFilter@63a9af28, org.springframework.web.filter.CorsFilter@17873842, org.springframework.security.web.authentication.logout.LogoutFilter@d3b0397, org.springframework.security.oauth2.provider.authentication.OAuth2AuthenticationProcessingFilter@47d4468a, org.springframework.security.web.savedrequest.RequestCacheAwareFilter@58a9e64d, org.springframework.security.web.servletapi.SecurityContextHolderAwareRequestFilter@7657d29f, org.springframework.security.web.authentication.AnonymousAuthenticationFilter@147aceec, org.springframework.security.web.session.SessionManagementFilter@105cdf61, org.springframework.security.web.access.ExceptionTranslationFilter@567baa55, org.springframework.security.web.access.intercept.FilterSecurityInterceptor@66acaa54]
[INFO ] 2022-08-19 15:34:36.570 [main] DefaultSecurityFilterChain - Creating filter chain: any request, [org.springframework.security.web.context.request.async.WebAsyncManagerIntegrationFilter@56f19f36, org.springframework.security.web.context.SecurityContextPersistenceFilter@62cb977a, org.springframework.security.web.header.HeaderWriterFilter@278cbf5a, org.springframework.security.web.csrf.CsrfFilter@3b28ab9b, org.springframework.security.web.authentication.logout.LogoutFilter@54d2887a, org.springframework.security.web.authentication.UsernamePasswordAuthenticationFilter@3e5ed0d4, org.springframework.security.web.authentication.ui.DefaultLoginPageGeneratingFilter@2fca9fae, org.springframework.security.web.authentication.ui.DefaultLogoutPageGeneratingFilter@2faae7f6, org.springframework.security.web.authentication.www.BasicAuthenticationFilter@61c0fb12, org.springframework.security.web.savedrequest.RequestCacheAwareFilter@7db70494, org.springframework.security.web.servletapi.SecurityContextHolderAwareRequestFilter@3f030217, org.springframework.security.web.authentication.AnonymousAuthenticationFilter@673a5aa7, org.springframework.security.web.session.SessionManagementFilter@1c41931a, org.springframework.security.web.access.ExceptionTranslationFilter@16c1345b, org.springframework.security.web.access.intercept.FilterSecurityInterceptor@7ca0b05e]
[WARN ] 2022-08-19 15:34:36.773 [main] SpringCloudSecurityAutoConfiguration - All Spring Cloud Security modules and starters are deprecated. They will be moved to individual projects in the next major release.
[INFO ] 2022-08-19 15:34:36.868 [main] Http11NioProtocol - Starting ProtocolHandler ["http-nio-8005"]
[INFO ] 2022-08-19 15:34:36.912 [main] TomcatWebServer - Tomcat started on port(s): 8005 (http) with context path '/api'
[INFO ] 2022-08-19 15:34:37.235 [main] DocumentationPluginsBootstrapper - Context refreshed
[INFO ] 2022-08-19 15:34:37.267 [main] DocumentationPluginsBootstrapper - Found 1 custom documentation plugin(s)
[INFO ] 2022-08-19 15:34:37.360 [main] ApiListingReferenceScanner - Scanning for api listing references
[INFO ] 2022-08-19 15:34:37.854 [main] CachingOperationNameGenerator - Generating unique operation named: handleUsingGET_1
[INFO ] 2022-08-19 15:34:37.857 [main] CachingOperationNameGenerator - Generating unique operation named: handleUsingGET_2
[INFO ] 2022-08-19 15:34:37.977 [main] DeferredRepositoryInitializationListener - Triggering deferred initialization of Spring Data repositories…
[INFO ] 2022-08-19 15:34:38.644 [main] DeferredRepositoryInitializationListener - Spring Data repositories initialized!
[INFO ] 2022-08-19 15:34:38.667 [main] ApiCitasApplication - Started ApiCitasApplication in 6.996 seconds (JVM running for 8.057)
[ERROR] 2022-08-19 15:34:38.680 [main] ApiCitasApplication - Prueba error log4j2 !!!
[WARN ] 2022-08-19 15:34:38.680 [main] ApiCitasApplication - prueba warn log4j2!
[INFO ] 2022-08-19 15:40:20.425 [RMI TCP Connection(10)-127.0.0.1] SpringApplicationAdminMXBeanRegistrar$SpringApplicationAdmin - Application shutdown requested.
[INFO ] 2022-08-19 15:40:20.433 [RMI TCP Connection(10)-127.0.0.1] Http11NioProtocol - Pausing ProtocolHandler ["http-nio-8005"]
[INFO ] 2022-08-19 15:40:20.569 [RMI TCP Connection(10)-127.0.0.1] StandardService - Stopping service [Tomcat]
[INFO ] 2022-08-19 15:40:20.578 [RMI TCP Connection(10)-127.0.0.1] Http11NioProtocol - Stopping ProtocolHandler ["http-nio-8005"]
[INFO ] 2022-08-19 15:40:20.618 [RMI TCP Connection(10)-127.0.0.1] Http11NioProtocol - Destroying ProtocolHandler ["http-nio-8005"]
[INFO ] 2022-08-19 15:40:20.627 [RMI TCP Connection(10)-127.0.0.1] LocalContainerEntityManagerFactoryBean - Closing JPA EntityManagerFactory for persistence unit 'default'
[INFO ] 2022-08-19 15:40:20.630 [RMI TCP Connection(10)-127.0.0.1] ThreadPoolTaskExecutor - Shutting down ExecutorService 'applicationTaskExecutor'
[INFO ] 2022-08-19 15:40:20.631 [RMI TCP Connection(10)-127.0.0.1] HikariDataSource - HikariPool-1 - Shutdown initiated...
[INFO ] 2022-08-19 15:40:20.643 [RMI TCP Connection(10)-127.0.0.1] HikariDataSource - HikariPool-1 - Shutdown completed.
