[INFO ] 2022-05-23 12:07:37.018 [main] ApiCitasApplication - Starting ApiCitasApplication on DESKTOP-TM3OAKA with PID 12948 (D:\codigoGit\api-citas\api-citas\target\classes started by LenovoZ470 in D:\codigoGit\api-citas\api-citas)
[INFO ] 2022-05-23 12:07:37.042 [main] ApiCitasApplication - No active profile set, falling back to default profiles: default
[INFO ] 2022-05-23 12:07:38.167 [main] RepositoryConfigurationDelegate - Bootstrapping Spring Data JPA repositories in DEFERRED mode.
[INFO ] 2022-05-23 12:07:38.311 [main] RepositoryConfigurationDelegate - Finished Spring Data repository scanning in 131ms. Found 7 JPA repository interfaces.
[INFO ] 2022-05-23 12:07:39.186 [main] TomcatWebServer - Tomcat initialized with port(s): 8005 (http)
[INFO ] 2022-05-23 12:07:39.204 [main] Http11NioProtocol - Initializing ProtocolHandler ["http-nio-8005"]
[INFO ] 2022-05-23 12:07:39.204 [main] StandardService - Starting service [Tomcat]
[INFO ] 2022-05-23 12:07:39.205 [main] StandardEngine - Starting Servlet engine: [Apache Tomcat/9.0.39]
[INFO ] 2022-05-23 12:07:39.373 [main] [/api] - Initializing Spring embedded WebApplicationContext
[INFO ] 2022-05-23 12:07:39.373 [main] ServletWebServerApplicationContext - Root WebApplicationContext: initialization completed in 2231 ms
[INFO ] 2022-05-23 12:07:39.596 [main] ThreadPoolTaskExecutor - Initializing ExecutorService 'applicationTaskExecutor'
[INFO ] 2022-05-23 12:07:39.614 [main] HikariDataSource - HikariPool-1 - Starting...
[INFO ] 2022-05-23 12:07:39.911 [main] HikariDataSource - HikariPool-1 - Start completed.
[INFO ] 2022-05-23 12:07:40.009 [task-1] LogHelper - HHH000204: Processing PersistenceUnitInfo [name: default]
[WARN ] 2022-05-23 12:07:40.133 [main] JpaBaseConfiguration$JpaWebConfiguration - spring.jpa.open-in-view is enabled by default. Therefore, database queries may be performed during view rendering. Explicitly configure spring.jpa.open-in-view to disable this warning
[INFO ] 2022-05-23 12:07:40.149 [task-1] Version - HHH000412: Hibernate ORM core version 5.4.23.Final
[INFO ] 2022-05-23 12:07:40.495 [task-1] Version - HCANN000001: Hibernate Commons Annotations {5.1.2.Final}
[INFO ] 2022-05-23 12:07:40.753 [main] Http11NioProtocol - Starting ProtocolHandler ["http-nio-8005"]
[INFO ] 2022-05-23 12:07:40.768 [task-1] Dialect - HHH000400: Using dialect: org.hibernate.dialect.MySQL8Dialect
[INFO ] 2022-05-23 12:07:40.802 [main] TomcatWebServer - Tomcat started on port(s): 8005 (http) with context path '/api'
[INFO ] 2022-05-23 12:07:40.805 [main] DeferredRepositoryInitializationListener - Triggering deferred initialization of Spring Data repositories…
[INFO ] 2022-05-23 12:07:41.942 [task-1] JtaPlatformInitiator - HHH000490: Using JtaPlatform implementation: [org.hibernate.engine.transaction.jta.platform.internal.NoJtaPlatform]
[INFO ] 2022-05-23 12:07:41.956 [task-1] LocalContainerEntityManagerFactoryBean - Initialized JPA EntityManagerFactory for persistence unit 'default'
[INFO ] 2022-05-23 12:07:42.450 [main] DeferredRepositoryInitializationListener - Spring Data repositories initialized!
[INFO ] 2022-05-23 12:07:42.461 [main] ApiCitasApplication - Started ApiCitasApplication in 5.967 seconds (JVM running for 7.94)
[INFO ] 2022-05-23 12:07:42.464 [main] ApiCitasApplication - Info Message Logged !!!
[ERROR] 2022-05-23 12:07:42.464 [main] ApiCitasApplication - Error Message Logged !!!
java.lang.NullPointerException: NullError
	at com.iudigital.ApiCitasApplication.main(ApiCitasApplication.java:20) [classes/:?]
[INFO ] 2022-05-23 12:07:59.802 [RMI TCP Connection(2)-127.0.0.1] SpringApplicationAdminMXBeanRegistrar$SpringApplicationAdmin - Application shutdown requested.
[INFO ] 2022-05-23 12:08:00.021 [RMI TCP Connection(2)-127.0.0.1] LocalContainerEntityManagerFactoryBean - Closing JPA EntityManagerFactory for persistence unit 'default'
[INFO ] 2022-05-23 12:08:00.026 [RMI TCP Connection(2)-127.0.0.1] ThreadPoolTaskExecutor - Shutting down ExecutorService 'applicationTaskExecutor'
[INFO ] 2022-05-23 12:08:00.027 [RMI TCP Connection(2)-127.0.0.1] HikariDataSource - HikariPool-1 - Shutdown initiated...
[INFO ] 2022-05-23 12:08:00.048 [RMI TCP Connection(2)-127.0.0.1] HikariDataSource - HikariPool-1 - Shutdown completed.
